09:59:51 **** Build of configuration Debug for project TP2 ****
make all 
Building file: ../ContratException.cpp
Invoking: GCC C++ Compiler
g++ -std=c++98 -O0 -g3 -Wall -c -fmessage-length=0 -MMD -MP -MF"ContratException.d" -MT"ContratException.o" -o "ContratException.o" "../ContratException.cpp"
Finished building: ../ContratException.cpp
 
Building file: ../Date.cpp
Invoking: GCC C++ Compiler
g++ -std=c++98 -O0 -g3 -Wall -c -fmessage-length=0 -MMD -MP -MF"Date.d" -MT"Date.o" -o "Date.o" "../Date.cpp"
Finished building: ../Date.cpp
 
Building file: ../Personne.cpp
Invoking: GCC C++ Compiler
g++ -std=c++98 -O0 -g3 -Wall -c -fmessage-length=0 -MMD -MP -MF"Personne.d" -MT"Personne.o" -o "Personne.o" "../Personne.cpp"
Finished building: ../Personne.cpp
 
Building file: ../main.cpp
Invoking: GCC C++ Compiler
g++ -std=c++98 -O0 -g3 -Wall -c -fmessage-length=0 -MMD -MP -MF"main.d" -MT"main.o" -o "main.o" "../main.cpp"
Finished building: ../main.cpp
 
Building file: ../validationFormat.cpp
Invoking: GCC C++ Compiler
g++ -std=c++98 -O0 -g3 -Wall -c -fmessage-length=0 -MMD -MP -MF"validationFormat.d" -MT"validationFormat.o" -o "validationFormat.o" "../validationFormat.cpp"
Finished building: ../validationFormat.cpp
 
Building target: TP2
Invoking: GCC C++ Linker
g++  -o "TP2"  ./ContratException.o ./Date.o ./Personne.o ./main.o ./validationFormat.o   
Finished building target: TP2
 

09:59:52 Build Finished (took 928ms)

