/usr/bin/qmake -recursive CONFIG+=debug_and_release EmployeGUI.pro 
22:11:30 **** Clean-only build of project EmployeGUI ****
make clean 
make -f Makefile.Release clean
make[1] : on entre dans le répertoire « /home/etudiant/Bureau/GIT/111155105_laboratoirecplusplus/Labo-11/EmployeGUI »
rm -f release/moc_employegui.cpp
rm -f ui_employegui.h
rm -f release/main.o release/employegui.o release/moc_employegui.o
rm -f *~ core *.core
make[1] : on quitte le répertoire « /home/etudiant/Bureau/GIT/111155105_laboratoirecplusplus/Labo-11/EmployeGUI »
make -f Makefile.Debug clean
make[1] : on entre dans le répertoire « /home/etudiant/Bureau/GIT/111155105_laboratoirecplusplus/Labo-11/EmployeGUI »
rm -f debug/moc_employegui.cpp
rm -f ui_employegui.h
rm -f debug/main.o debug/employegui.o debug/moc_employegui.o
rm -f *~ core *.core
make[1] : on quitte le répertoire « /home/etudiant/Bureau/GIT/111155105_laboratoirecplusplus/Labo-11/EmployeGUI »
22:11:30 **** Build of project EmployeGUI ****
make debug 
make -f Makefile.Debug
make[1] : on entre dans le répertoire « /home/etudiant/Bureau/GIT/111155105_laboratoirecplusplus/Labo-11/EmployeGUI »
/usr/lib/i386-linux-gnu/qt4/bin/uic employegui.ui -o ui_employegui.h
g++ -c -pipe -g -Wall -W -D_REENTRANT -DQT_GUI_LIB -DQT_CORE_LIB -DQT_SHARED -I/usr/share/qt4/mkspecs/linux-g++ -I. -I/usr/include/qt4/QtCore -I/usr/include/qt4/QtGui -I/usr/include/qt4 -Idebug -I. -o debug/main.o main.cpp
g++ -c -pipe -g -Wall -W -D_REENTRANT -DQT_GUI_LIB -DQT_CORE_LIB -DQT_SHARED -I/usr/share/qt4/mkspecs/linux-g++ -I. -I/usr/include/qt4/QtCore -I/usr/include/qt4/QtGui -I/usr/include/qt4 -Idebug -I. -o debug/employegui.o employegui.cpp
/usr/lib/i386-linux-gnu/qt4/bin/moc -DQT_GUI_LIB -DQT_CORE_LIB -DQT_SHARED -I/usr/share/qt4/mkspecs/linux-g++ -I. -I/usr/include/qt4/QtCore -I/usr/include/qt4/QtGui -I/usr/include/qt4 -Idebug -I. employegui.h -o debug/moc_employegui.cpp
g++ -c -pipe -g -Wall -W -D_REENTRANT -DQT_GUI_LIB -DQT_CORE_LIB -DQT_SHARED -I/usr/share/qt4/mkspecs/linux-g++ -I. -I/usr/include/qt4/QtCore -I/usr/include/qt4/QtGui -I/usr/include/qt4 -Idebug -I. -o debug/moc_employegui.o debug/moc_employegui.cpp
g++  -o EmployeGUI debug/main.o debug/employegui.o debug/moc_employegui.o    -L/usr/lib/i386-linux-gnu -lQtGui -lQtCore -lpthread 
{ test -n "" && DESTDIR="" || DESTDIR=.; } && test $(gdb --version | sed -e 's,[^0-9][^0-9]*\([0-9]\)\.\([0-9]\).*,\1\2,;q') -gt 72 && gdb --nx --batch --quiet -ex 'set confirm off' -ex "save gdb-index $DESTDIR" -ex quit 'EmployeGUI' && test -f EmployeGUI.gdb-index && objcopy --add-section '.gdb_index=EmployeGUI.gdb-index' --set-section-flags '.gdb_index=readonly' 'EmployeGUI' 'EmployeGUI' && rm -f EmployeGUI.gdb-index || true
make[1] : on quitte le répertoire « /home/etudiant/Bureau/GIT/111155105_laboratoirecplusplus/Labo-11/EmployeGUI »
22:17:59 **** Incremental Build of project EmployeGUI ****
make debug 
make -f Makefile.Debug
make[1] : on entre dans le répertoire « /home/etudiant/Bureau/GIT/111155105_laboratoirecplusplus/Labo-11/EmployeGUI »
g++ -c -pipe -g -Wall -W -D_REENTRANT -DQT_GUI_LIB -DQT_CORE_LIB -DQT_SHARED -I/usr/share/qt4/mkspecs/linux-g++ -I. -I/usr/include/qt4/QtCore -I/usr/include/qt4/QtGui -I/usr/include/qt4 -Idebug -I. -o debug/main.o main.cpp
g++  -o EmployeGUI debug/main.o debug/employegui.o debug/moc_employegui.o    -L/usr/lib/i386-linux-gnu -lQtGui -lQtCore -lpthread 
{ test -n "" && DESTDIR="" || DESTDIR=.; } && test $(gdb --version | sed -e 's,[^0-9][^0-9]*\([0-9]\)\.\([0-9]\).*,\1\2,;q') -gt 72 && gdb --nx --batch --quiet -ex 'set confirm off' -ex "save gdb-index $DESTDIR" -ex quit 'EmployeGUI' && test -f EmployeGUI.gdb-index && objcopy --add-section '.gdb_index=EmployeGUI.gdb-index' --set-section-flags '.gdb_index=readonly' 'EmployeGUI' 'EmployeGUI' && rm -f EmployeGUI.gdb-index || true
make[1] : on quitte le répertoire « /home/etudiant/Bureau/GIT/111155105_laboratoirecplusplus/Labo-11/EmployeGUI »
22:23:37 **** Incremental Build of project EmployeGUI ****
make debug 
make -f Makefile.Debug
make[1] : on entre dans le répertoire « /home/etudiant/Bureau/GIT/111155105_laboratoirecplusplus/Labo-11/EmployeGUI »
/usr/lib/i386-linux-gnu/qt4/bin/uic employegui.ui -o ui_employegui.h
g++ -c -pipe -g -Wall -W -D_REENTRANT -DQT_GUI_LIB -DQT_CORE_LIB -DQT_SHARED -I/usr/share/qt4/mkspecs/linux-g++ -I. -I/usr/include/qt4/QtCore -I/usr/include/qt4/QtGui -I/usr/include/qt4 -Idebug -I. -o debug/main.o main.cpp
g++ -c -pipe -g -Wall -W -D_REENTRANT -DQT_GUI_LIB -DQT_CORE_LIB -DQT_SHARED -I/usr/share/qt4/mkspecs/linux-g++ -I. -I/usr/include/qt4/QtCore -I/usr/include/qt4/QtGui -I/usr/include/qt4 -Idebug -I. -o debug/employegui.o employegui.cpp
/usr/lib/i386-linux-gnu/qt4/bin/moc -DQT_GUI_LIB -DQT_CORE_LIB -DQT_SHARED -I/usr/share/qt4/mkspecs/linux-g++ -I. -I/usr/include/qt4/QtCore -I/usr/include/qt4/QtGui -I/usr/include/qt4 -Idebug -I. employegui.h -o debug/moc_employegui.cpp
g++ -c -pipe -g -Wall -W -D_REENTRANT -DQT_GUI_LIB -DQT_CORE_LIB -DQT_SHARED -I/usr/share/qt4/mkspecs/linux-g++ -I. -I/usr/include/qt4/QtCore -I/usr/include/qt4/QtGui -I/usr/include/qt4 -Idebug -I. -o debug/moc_employegui.o debug/moc_employegui.cpp
g++  -o EmployeGUI debug/main.o debug/employegui.o debug/moc_employegui.o    -L/usr/lib/i386-linux-gnu -lQtGui -lQtCore -lpthread 
{ test -n "" && DESTDIR="" || DESTDIR=.; } && test $(gdb --version | sed -e 's,[^0-9][^0-9]*\([0-9]\)\.\([0-9]\).*,\1\2,;q') -gt 72 && gdb --nx --batch --quiet -ex 'set confirm off' -ex "save gdb-index $DESTDIR" -ex quit 'EmployeGUI' && test -f EmployeGUI.gdb-index && objcopy --add-section '.gdb_index=EmployeGUI.gdb-index' --set-section-flags '.gdb_index=readonly' 'EmployeGUI' 'EmployeGUI' && rm -f EmployeGUI.gdb-index || true
make[1] : on quitte le répertoire « /home/etudiant/Bureau/GIT/111155105_laboratoirecplusplus/Labo-11/EmployeGUI »
