
**** Build of configuration Debug for project LABO-1 ****

Nothing to build for project LABO-1
16:24:23 **** Incremental Build of configuration Debug for project LABO-1 ****
make all 
Building file: ../puissance.cpp
Invoking: GCC C++ Compiler
g++ -std=c++98 -O0 -g3 -Wall -c -fmessage-length=0 -MMD -MP -MF"puissance.d" -MT"puissance.o" -o "puissance.o" "../puissance.cpp"
Finished building: ../puissance.cpp
 
Building target: LABO-1
Invoking: GCC C++ Linker
g++  -o "LABO-1"  ./puissance.o   
Finished building target: LABO-1
 
16:24:29 **** Incremental Build of configuration Debug for project LABO-1 ****
make all 
make: rien à faire pour « all ».
16:24:45 **** Incremental Build of configuration Debug for project LABO-1 ****
make all 
make: rien à faire pour « all ».
16:40:15 **** Incremental Build of configuration Debug for project LABO-1 ****
make all 
Building file: ../puissance.cpp
Invoking: GCC C++ Compiler
g++ -std=c++98 -O0 -g3 -Wall -c -fmessage-length=0 -MMD -MP -MF"puissance.d" -MT"puissance.o" -o "puissance.o" "../puissance.cpp"
../puissance.cpp: In function ‘int main()’:
../puissance.cpp:11:6: warning: unused variable ‘y’ [-Wunused-variable]
  int y = 3;
      ^
Finished building: ../puissance.cpp
 
Building target: LABO-1
Invoking: GCC C++ Linker
g++  -o "LABO-1"  ./puissance.o   
Finished building target: LABO-1
 
16:40:50 **** Incremental Build of configuration Debug for project LABO-1 ****
make all 
Building file: ../puissance.cpp
Invoking: GCC C++ Compiler
g++ -std=c++98 -O0 -g3 -Wall -c -fmessage-length=0 -MMD -MP -MF"puissance.d" -MT"puissance.o" -o "puissance.o" "../puissance.cpp"
Finished building: ../puissance.cpp
 
Building target: LABO-1
Invoking: GCC C++ Linker
g++  -o "LABO-1"  ./puissance.o   
Finished building target: LABO-1
 
16:41:09 **** Incremental Build of configuration Debug for project LABO-1 ****
make all 
Building file: ../puissance.cpp
Invoking: GCC C++ Compiler
g++ -std=c++98 -O0 -g3 -Wall -c -fmessage-length=0 -MMD -MP -MF"puissance.d" -MT"puissance.o" -o "puissance.o" "../puissance.cpp"
../puissance.cpp: In function ‘int main()’:
../puissance.cpp:10:6: warning: unused variable ‘x’ [-Wunused-variable]
  int x = 2;
      ^
../puissance.cpp:11:6: warning: unused variable ‘y’ [-Wunused-variable]
  int y = 3;
      ^
Finished building: ../puissance.cpp
 
Building target: LABO-1
Invoking: GCC C++ Linker
g++  -o "LABO-1"  ./puissance.o   
Finished building target: LABO-1
 
16:41:24 **** Incremental Build of configuration Debug for project LABO-1 ****
make all 
Building file: ../puissance.cpp
Invoking: GCC C++ Compiler
g++ -std=c++98 -O0 -g3 -Wall -c -fmessage-length=0 -MMD -MP -MF"puissance.d" -MT"puissance.o" -o "puissance.o" "../puissance.cpp"
../puissance.cpp: In function ‘int main()’:
../puissance.cpp:11:6: warning: unused variable ‘y’ [-Wunused-variable]
  int y = 3;
      ^
Finished building: ../puissance.cpp
 
Building target: LABO-1
Invoking: GCC C++ Linker
g++  -o "LABO-1"  ./puissance.o   
Finished building target: LABO-1
 
16:41:40 **** Incremental Build of configuration Debug for project LABO-1 ****
make all 
Building file: ../puissance.cpp
Invoking: GCC C++ Compiler
g++ -std=c++98 -O0 -g3 -Wall -c -fmessage-length=0 -MMD -MP -MF"puissance.d" -MT"puissance.o" -o "puissance.o" "../puissance.cpp"
Finished building: ../puissance.cpp
 
Building target: LABO-1
Invoking: GCC C++ Linker
g++  -o "LABO-1"  ./puissance.o   
Finished building target: LABO-1
 
16:41:42 **** Incremental Build of configuration Debug for project LABO-1 ****
make all 
make: rien à faire pour « all ».
16:42:15 **** Incremental Build of configuration Debug for project LABO-1 ****
make all 
Building file: ../puissance.cpp
Invoking: GCC C++ Compiler
g++ -std=c++98 -O0 -g3 -Wall -c -fmessage-length=0 -MMD -MP -MF"puissance.d" -MT"puissance.o" -o "puissance.o" "../puissance.cpp"
Finished building: ../puissance.cpp
 
Building target: LABO-1
Invoking: GCC C++ Linker
g++  -o "LABO-1"  ./puissance.o   
Finished building target: LABO-1
 
16:42:16 **** Incremental Build of configuration Debug for project LABO-1 ****
make all 
make: rien à faire pour « all ».
16:42:29 **** Incremental Build of configuration Debug for project LABO-1 ****
make all 
make: rien à faire pour « all ».
16:46:53 **** Incremental Build of configuration Debug for project LABO-1 ****
make all 
Building file: ../puissance.cpp
Invoking: GCC C++ Compiler
g++ -std=c++98 -O0 -g3 -Wall -c -fmessage-length=0 -MMD -MP -MF"puissance.d" -MT"puissance.o" -o "puissance.o" "../puissance.cpp"
Finished building: ../puissance.cpp
 
Building target: LABO-1
Invoking: GCC C++ Linker
g++  -o "LABO-1"  ./puissance.o   
Finished building target: LABO-1
 
16:46:55 **** Incremental Build of configuration Debug for project LABO-1 ****
make all 
make: rien à faire pour « all ».
16:47:18 **** Incremental Build of configuration Debug for project LABO-1 ****
make all 
make: rien à faire pour « all ».
16:51:38 **** Incremental Build of configuration Debug for project LABO-1 ****
make all 
Building file: ../main.cpp
Invoking: GCC C++ Compiler
g++ -std=c++98 -O0 -g3 -Wall -c -fmessage-length=0 -MMD -MP -MF"main.d" -MT"main.o" -o "main.o" "../main.cpp"
../main.cpp: In function ‘int main()’:
../main.cpp:16:15: error: ‘puisance’ was not declared in this scope
   puissance = puisance * x;
               ^
subdir.mk:18 : la recette pour la cible « main.o » a échouée
make: *** [main.o] Erreur 1
16:51:47 **** Incremental Build of configuration Debug for project LABO-1 ****
make all 
Building file: ../main.cpp
Invoking: GCC C++ Compiler
g++ -std=c++98 -O0 -g3 -Wall -c -fmessage-length=0 -MMD -MP -MF"main.d" -MT"main.o" -o "main.o" "../main.cpp"
Finished building: ../main.cpp
 
Building target: LABO-1
Invoking: GCC C++ Linker
g++  -o "LABO-1"  ./main.o   
Finished building target: LABO-1
 
16:54:35 **** Incremental Build of configuration Debug for project LABO-1 ****
make all 
make: rien à faire pour « all ».
16:54:50 **** Incremental Build of configuration Debug for project LABO-1 ****
make all 
make: rien à faire pour « all ».
16:55:05 **** Incremental Build of configuration Debug for project LABO-1 ****
make all 
make: rien à faire pour « all ».
17:03:19 **** Incremental Build of configuration Debug for project LABO-1 ****
make all 
Building file: ../main.cpp
Invoking: GCC C++ Compiler
g++ -std=c++98 -O0 -g3 -Wall -c -fmessage-length=0 -MMD -MP -MF"main.d" -MT"main.o" -o "main.o" "../main.cpp"
../main.cpp: In function ‘int main()’:
../main.cpp:11:6: warning: variable ‘q’ set but not used [-Wunused-but-set-variable]
  int q;
      ^
../main.cpp:12:8: warning: variable ‘x’ set but not used [-Wunused-but-set-variable]
  float x;
        ^
Finished building: ../main.cpp
 
Building target: LABO-1
Invoking: GCC C++ Linker
g++  -o "LABO-1"  ./main.o   
Finished building target: LABO-1
 
17:03:35 **** Incremental Build of configuration Debug for project LABO-1 ****
make all 
make: rien à faire pour « all ».
17:33:58 **** Incremental Build of configuration Debug for project LABO-1 ****
make all 
Building file: ../main.cpp
Invoking: GCC C++ Compiler
g++ -std=c++98 -O0 -g3 -Wall -c -fmessage-length=0 -MMD -MP -MF"main.d" -MT"main.o" -o "main.o" "../main.cpp"
Finished building: ../main.cpp
 
Building target: LABO-1
Invoking: GCC C++ Linker
g++  -o "LABO-1"  ./main.o   
Finished building target: LABO-1
 
17:34:01 **** Incremental Build of configuration Debug for project LABO-1 ****
make all 
make: rien à faire pour « all ».
17:53:04 **** Incremental Build of configuration Debug for project LABO-1 ****
make all 
Building file: ../main.cpp
Invoking: GCC C++ Compiler
g++ -std=c++98 -O0 -g3 -Wall -c -fmessage-length=0 -MMD -MP -MF"main.d" -MT"main.o" -o "main.o" "../main.cpp"
../main.cpp:14:2: error: stray ‘\342’ in program
  float rf2 = (-fb – sd1) / (2.0f*fa);
  ^
../main.cpp:14:2: error: stray ‘\200’ in program
../main.cpp:14:2: error: stray ‘\223’ in program
../main.cpp:21:2: error: stray ‘\342’ in program
  double rd2 = (-db – sd2) / (2.0*da);
  ^
../main.cpp:21:2: error: stray ‘\200’ in program
../main.cpp:21:2: error: stray ‘\223’ in program
../main.cpp: In function ‘int main()’:
../main.cpp:12:22: error: ‘sqrtf’ was not declared in this scope
  float sd1 = sqrtf(d1);
                      ^
../main.cpp:14:23: error: expected ‘)’ before ‘sd1’
  float rf2 = (-fb – sd1) / (2.0f*fa);
                       ^
../main.cpp:19:22: error: ‘sqrt’ was not declared in this scope
  double sd2 = sqrt(d2);
                      ^
../main.cpp:21:24: error: expected ‘)’ before ‘sd2’
  double rd2 = (-db – sd2) / (2.0*da);
                        ^
subdir.mk:18 : la recette pour la cible « main.o » a échouée
make: *** [main.o] Erreur 1
17:58:35 **** Incremental Build of configuration Debug for project LABO-1 ****
make all 
Building file: ../main.cpp
Invoking: GCC C++ Compiler
g++ -std=c++98 -O0 -g3 -Wall -c -fmessage-length=0 -MMD -MP -MF"main.d" -MT"main.o" -o "main.o" "../main.cpp"
../main.cpp:16:2: error: stray ‘\342’ in program
  float rf2 = (-fb – sd1) / (2.0f * fa);
  ^
../main.cpp:16:2: error: stray ‘\200’ in program
../main.cpp:16:2: error: stray ‘\223’ in program
../main.cpp:23:2: error: stray ‘\342’ in program
  double rd2 = (-db – sd2) / (2.0*da);
  ^
../main.cpp:23:2: error: stray ‘\200’ in program
../main.cpp:23:2: error: stray ‘\223’ in program
../main.cpp: In function ‘int main()’:
../main.cpp:16:23: error: expected ‘)’ before ‘sd1’
  float rf2 = (-fb – sd1) / (2.0f * fa);
                       ^
../main.cpp:23:24: error: expected ‘)’ before ‘sd2’
  double rd2 = (-db – sd2) / (2.0*da);
                        ^
subdir.mk:18 : la recette pour la cible « main.o » a échouée
make: *** [main.o] Erreur 1
18:03:09 **** Incremental Build of configuration Debug for project LABO-1 ****
make all 
Building file: ../main.cpp
Invoking: GCC C++ Compiler
g++ -std=c++98 -O0 -g3 -Wall -c -fmessage-length=0 -MMD -MP -MF"main.d" -MT"main.o" -o "main.o" "../main.cpp"
Finished building: ../main.cpp
 
Building target: LABO-1
Invoking: GCC C++ Linker
g++  -o "LABO-1"  ./main.o   
Finished building target: LABO-1
 
18:03:12 **** Incremental Build of configuration Debug for project LABO-1 ****
make all 
make: rien à faire pour « all ».
18:03:24 **** Incremental Build of configuration Debug for project LABO-1 ****
make all 
make: rien à faire pour « all ».
