22:28:00 **** Incremental Build of configuration Debug for project PersonneLib ****
make all 
Building file: ../Annuaire.cpp
Invoking: GCC C++ Compiler
g++ -std=c++98 -O0 -g3 -Wall -c -fmessage-length=0 -MMD -MP -MF"Annuaire.d" -MT"Annuaire.o" -o "Annuaire.o" "../Annuaire.cpp"
Finished building: ../Annuaire.cpp
 
Building file: ../Entraineur.cpp
Invoking: GCC C++ Compiler
g++ -std=c++98 -O0 -g3 -Wall -c -fmessage-length=0 -MMD -MP -MF"Entraineur.d" -MT"Entraineur.o" -o "Entraineur.o" "../Entraineur.cpp"
Finished building: ../Entraineur.cpp
 
Building file: ../Joueur.cpp
Invoking: GCC C++ Compiler
g++ -std=c++98 -O0 -g3 -Wall -c -fmessage-length=0 -MMD -MP -MF"Joueur.d" -MT"Joueur.o" -o "Joueur.o" "../Joueur.cpp"
Finished building: ../Joueur.cpp
 
Building file: ../Personne.cpp
Invoking: GCC C++ Compiler
g++ -std=c++98 -O0 -g3 -Wall -c -fmessage-length=0 -MMD -MP -MF"Personne.d" -MT"Personne.o" -o "Personne.o" "../Personne.cpp"
Finished building: ../Personne.cpp
 
Building file: ../main.cpp
Invoking: GCC C++ Compiler
g++ -std=c++98 -O0 -g3 -Wall -c -fmessage-length=0 -MMD -MP -MF"main.d" -MT"main.o" -o "main.o" "../main.cpp"
Finished building: ../main.cpp
 
Building target: libPersonneLib.a
Invoking: GCC Archiver
ar -r  "libPersonneLib.a"  ./Annuaire.o ./ContratException.o ./Date.o ./Entraineur.o ./Joueur.o ./Personne.o ./main.o ./validationFormat.o   
ar: création de libPersonneLib.a
Finished building target: libPersonneLib.a
 

22:28:01 Build Finished (took 983ms)

